<?xml version="1.0" encoding="UTF-8"?>
<testsuite xmlns:xsi="http://www.w3.org/2001/XMLSchema-instance" xsi:noNamespaceSchemaLocation="https://maven.apache.org/surefire/maven-surefire-plugin/xsd/surefire-test-report.xsd" name="com.notion.service.review.domain.service.imp.ReviewServiceImplTest" time="2.768" tests="3" errors="0" skipped="0" failures="0">
  <properties>
    <property name="gopherProxySet" value="false"/>
    <property name="awt.toolkit" value="sun.lwawt.macosx.LWCToolkit"/>
    <property name="java.specification.version" value="11"/>
    <property name="sun.cpu.isalist" value=""/>
    <property name="sun.jnu.encoding" value="UTF-8"/>
    <property name="java.class.path" value="/Users/kamal/Desktop/notion/review-service/target/test-classes:/Users/kamal/Desktop/notion/review-service/target/classes:/Users/kamal/.m2/repository/org/springframework/boot/spring-boot-starter-security/2.5.3/spring-boot-starter-security-2.5.3.jar:/Users/kamal/.m2/repository/org/springframework/boot/spring-boot-starter/2.5.3/spring-boot-starter-2.5.3.jar:/Users/kamal/.m2/repository/org/springframework/boot/spring-boot/2.5.3/spring-boot-2.5.3.jar:/Users/kamal/.m2/repository/org/springframework/boot/spring-boot-autoconfigure/2.5.3/spring-boot-autoconfigure-2.5.3.jar:/Users/kamal/.m2/repository/org/springframework/boot/spring-boot-starter-logging/2.5.3/spring-boot-starter-logging-2.5.3.jar:/Users/kamal/.m2/repository/ch/qos/logback/logback-classic/1.2.4/logback-classic-1.2.4.jar:/Users/kamal/.m2/repository/ch/qos/logback/logback-core/1.2.4/logback-core-1.2.4.jar:/Users/kamal/.m2/repository/org/apache/logging/log4j/log4j-to-slf4j/2.14.1/log4j-to-slf4j-2.14.1.jar:/Users/kamal/.m2/repository/org/apache/logging/log4j/log4j-api/2.14.1/log4j-api-2.14.1.jar:/Users/kamal/.m2/repository/org/slf4j/jul-to-slf4j/1.7.32/jul-to-slf4j-1.7.32.jar:/Users/kamal/.m2/repository/jakarta/annotation/jakarta.annotation-api/1.3.5/jakarta.annotation-api-1.3.5.jar:/Users/kamal/.m2/repository/org/yaml/snakeyaml/1.28/snakeyaml-1.28.jar:/Users/kamal/.m2/repository/org/springframework/spring-aop/5.3.9/spring-aop-5.3.9.jar:/Users/kamal/.m2/repository/org/springframework/spring-beans/5.3.9/spring-beans-5.3.9.jar:/Users/kamal/.m2/repository/org/springframework/security/spring-security-config/5.5.1/spring-security-config-5.5.1.jar:/Users/kamal/.m2/repository/org/springframework/spring-context/5.3.9/spring-context-5.3.9.jar:/Users/kamal/.m2/repository/org/springframework/security/spring-security-web/5.5.1/spring-security-web-5.5.1.jar:/Users/kamal/.m2/repository/org/springframework/spring-expression/5.3.9/spring-expression-5.3.9.jar:/Users/kamal/.m2/repository/org/springframework/spring-web/5.3.9/spring-web-5.3.9.jar:/Users/kamal/.m2/repository/org/springframework/security/spring-security-oauth2-resource-server/5.5.1/spring-security-oauth2-resource-server-5.5.1.jar:/Users/kamal/.m2/repository/org/springframework/security/spring-security-core/5.5.1/spring-security-core-5.5.1.jar:/Users/kamal/.m2/repository/org/springframework/security/spring-security-crypto/5.5.1/spring-security-crypto-5.5.1.jar:/Users/kamal/.m2/repository/org/springframework/security/spring-security-oauth2-core/5.5.1/spring-security-oauth2-core-5.5.1.jar:/Users/kamal/.m2/repository/org/springframework/spring-core/5.3.9/spring-core-5.3.9.jar:/Users/kamal/.m2/repository/org/springframework/spring-jcl/5.3.9/spring-jcl-5.3.9.jar:/Users/kamal/.m2/repository/org/springframework/security/spring-security-oauth2-jose/5.5.1/spring-security-oauth2-jose-5.5.1.jar:/Users/kamal/.m2/repository/com/nimbusds/nimbus-jose-jwt/9.10/nimbus-jose-jwt-9.10.jar:/Users/kamal/.m2/repository/com/github/stephenc/jcip/jcip-annotations/1.0-1/jcip-annotations-1.0-1.jar:/Users/kamal/.m2/repository/org/springframework/boot/spring-boot-starter-data-mongodb-reactive/2.5.3/spring-boot-starter-data-mongodb-reactive-2.5.3.jar:/Users/kamal/.m2/repository/io/projectreactor/reactor-core/3.4.8/reactor-core-3.4.8.jar:/Users/kamal/.m2/repository/org/reactivestreams/reactive-streams/1.0.3/reactive-streams-1.0.3.jar:/Users/kamal/.m2/repository/org/mongodb/mongodb-driver-reactivestreams/4.2.3/mongodb-driver-reactivestreams-4.2.3.jar:/Users/kamal/.m2/repository/org/mongodb/bson/4.2.3/bson-4.2.3.jar:/Users/kamal/.m2/repository/org/mongodb/mongodb-driver-core/4.2.3/mongodb-driver-core-4.2.3.jar:/Users/kamal/.m2/repository/org/springframework/data/spring-data-mongodb/3.2.3/spring-data-mongodb-3.2.3.jar:/Users/kamal/.m2/repository/org/springframework/spring-tx/5.3.9/spring-tx-5.3.9.jar:/Users/kamal/.m2/repository/org/springframework/data/spring-data-commons/2.5.3/spring-data-commons-2.5.3.jar:/Users/kamal/.m2/repository/org/slf4j/slf4j-api/1.7.32/slf4j-api-1.7.32.jar:/Users/kamal/.m2/repository/de/flapdoodle/embed/de.flapdoodle.embed.mongo/3.0.0/de.flapdoodle.embed.mongo-3.0.0.jar:/Users/kamal/.m2/repository/de/flapdoodle/embed/de.flapdoodle.embed.process/3.0.1/de.flapdoodle.embed.process-3.0.1.jar:/Users/kamal/.m2/repository/org/apache/commons/commons-compress/1.20/commons-compress-1.20.jar:/Users/kamal/.m2/repository/net/java/dev/jna/jna/5.6.0/jna-5.6.0.jar:/Users/kamal/.m2/repository/net/java/dev/jna/jna-platform/5.6.0/jna-platform-5.6.0.jar:/Users/kamal/.m2/repository/com/notion/common-platform/0.0.1-SNAPSHOT/common-platform-0.0.1-SNAPSHOT.jar:/Users/kamal/.m2/repository/org/springframework/boot/spring-boot-starter-webflux/2.5.3/spring-boot-starter-webflux-2.5.3.jar:/Users/kamal/.m2/repository/org/springframework/boot/spring-boot-starter-json/2.5.3/spring-boot-starter-json-2.5.3.jar:/Users/kamal/.m2/repository/com/fasterxml/jackson/datatype/jackson-datatype-jdk8/2.12.4/jackson-datatype-jdk8-2.12.4.jar:/Users/kamal/.m2/repository/com/fasterxml/jackson/datatype/jackson-datatype-jsr310/2.12.4/jackson-datatype-jsr310-2.12.4.jar:/Users/kamal/.m2/repository/com/fasterxml/jackson/module/jackson-module-parameter-names/2.12.4/jackson-module-parameter-names-2.12.4.jar:/Users/kamal/.m2/repository/org/springframework/boot/spring-boot-starter-reactor-netty/2.5.3/spring-boot-starter-reactor-netty-2.5.3.jar:/Users/kamal/.m2/repository/io/projectreactor/netty/reactor-netty-http/1.0.9/reactor-netty-http-1.0.9.jar:/Users/kamal/.m2/repository/io/netty/netty-codec-http/4.1.66.Final/netty-codec-http-4.1.66.Final.jar:/Users/kamal/.m2/repository/io/netty/netty-common/4.1.66.Final/netty-common-4.1.66.Final.jar:/Users/kamal/.m2/repository/io/netty/netty-buffer/4.1.66.Final/netty-buffer-4.1.66.Final.jar:/Users/kamal/.m2/repository/io/netty/netty-transport/4.1.66.Final/netty-transport-4.1.66.Final.jar:/Users/kamal/.m2/repository/io/netty/netty-codec/4.1.66.Final/netty-codec-4.1.66.Final.jar:/Users/kamal/.m2/repository/io/netty/netty-handler/4.1.66.Final/netty-handler-4.1.66.Final.jar:/Users/kamal/.m2/repository/io/netty/netty-codec-http2/4.1.66.Final/netty-codec-http2-4.1.66.Final.jar:/Users/kamal/.m2/repository/io/netty/netty-resolver-dns/4.1.66.Final/netty-resolver-dns-4.1.66.Final.jar:/Users/kamal/.m2/repository/io/netty/netty-resolver/4.1.66.Final/netty-resolver-4.1.66.Final.jar:/Users/kamal/.m2/repository/io/netty/netty-codec-dns/4.1.66.Final/netty-codec-dns-4.1.66.Final.jar:/Users/kamal/.m2/repository/io/netty/netty-resolver-dns-native-macos/4.1.66.Final/netty-resolver-dns-native-macos-4.1.66.Final-osx-x86_64.jar:/Users/kamal/.m2/repository/io/netty/netty-transport-native-unix-common/4.1.66.Final/netty-transport-native-unix-common-4.1.66.Final.jar:/Users/kamal/.m2/repository/io/netty/netty-transport-native-epoll/4.1.66.Final/netty-transport-native-epoll-4.1.66.Final-linux-x86_64.jar:/Users/kamal/.m2/repository/io/projectreactor/netty/reactor-netty-core/1.0.9/reactor-netty-core-1.0.9.jar:/Users/kamal/.m2/repository/io/netty/netty-handler-proxy/4.1.66.Final/netty-handler-proxy-4.1.66.Final.jar:/Users/kamal/.m2/repository/io/netty/netty-codec-socks/4.1.66.Final/netty-codec-socks-4.1.66.Final.jar:/Users/kamal/.m2/repository/org/springframework/spring-webflux/5.3.9/spring-webflux-5.3.9.jar:/Users/kamal/.m2/repository/org/springframework/boot/spring-boot-starter-validation/2.5.3/spring-boot-starter-validation-2.5.3.jar:/Users/kamal/.m2/repository/org/apache/tomcat/embed/tomcat-embed-el/9.0.50/tomcat-embed-el-9.0.50.jar:/Users/kamal/.m2/repository/org/hibernate/validator/hibernate-validator/6.2.0.Final/hibernate-validator-6.2.0.Final.jar:/Users/kamal/.m2/repository/jakarta/validation/jakarta.validation-api/2.0.2/jakarta.validation-api-2.0.2.jar:/Users/kamal/.m2/repository/org/jboss/logging/jboss-logging/3.4.2.Final/jboss-logging-3.4.2.Final.jar:/Users/kamal/.m2/repository/com/fasterxml/classmate/1.5.1/classmate-1.5.1.jar:/Users/kamal/.m2/repository/io/jsonwebtoken/jjwt/0.9.0/jjwt-0.9.0.jar:/Users/kamal/.m2/repository/com/fasterxml/jackson/core/jackson-databind/2.12.4/jackson-databind-2.12.4.jar:/Users/kamal/.m2/repository/com/fasterxml/jackson/core/jackson-annotations/2.12.4/jackson-annotations-2.12.4.jar:/Users/kamal/.m2/repository/com/fasterxml/jackson/core/jackson-core/2.12.4/jackson-core-2.12.4.jar:/Users/kamal/.m2/repository/org/apache/commons/commons-lang3/3.12.0/commons-lang3-3.12.0.jar:/Users/kamal/.m2/repository/org/modelmapper/modelmapper/2.3.0/modelmapper-2.3.0.jar:/Users/kamal/.m2/repository/org/projectlombok/lombok/1.18.20/lombok-1.18.20.jar:/Users/kamal/.m2/repository/org/springframework/boot/spring-boot-starter-test/2.5.3/spring-boot-starter-test-2.5.3.jar:/Users/kamal/.m2/repository/org/springframework/boot/spring-boot-test/2.5.3/spring-boot-test-2.5.3.jar:/Users/kamal/.m2/repository/org/springframework/boot/spring-boot-test-autoconfigure/2.5.3/spring-boot-test-autoconfigure-2.5.3.jar:/Users/kamal/.m2/repository/com/jayway/jsonpath/json-path/2.5.0/json-path-2.5.0.jar:/Users/kamal/.m2/repository/net/minidev/json-smart/2.4.7/json-smart-2.4.7.jar:/Users/kamal/.m2/repository/net/minidev/accessors-smart/2.4.7/accessors-smart-2.4.7.jar:/Users/kamal/.m2/repository/org/ow2/asm/asm/9.1/asm-9.1.jar:/Users/kamal/.m2/repository/jakarta/xml/bind/jakarta.xml.bind-api/2.3.3/jakarta.xml.bind-api-2.3.3.jar:/Users/kamal/.m2/repository/jakarta/activation/jakarta.activation-api/1.2.2/jakarta.activation-api-1.2.2.jar:/Users/kamal/.m2/repository/org/assertj/assertj-core/3.19.0/assertj-core-3.19.0.jar:/Users/kamal/.m2/repository/org/hamcrest/hamcrest/2.2/hamcrest-2.2.jar:/Users/kamal/.m2/repository/org/junit/jupiter/junit-jupiter/5.7.2/junit-jupiter-5.7.2.jar:/Users/kamal/.m2/repository/org/junit/jupiter/junit-jupiter-api/5.7.2/junit-jupiter-api-5.7.2.jar:/Users/kamal/.m2/repository/org/apiguardian/apiguardian-api/1.1.0/apiguardian-api-1.1.0.jar:/Users/kamal/.m2/repository/org/opentest4j/opentest4j/1.2.0/opentest4j-1.2.0.jar:/Users/kamal/.m2/repository/org/junit/platform/junit-platform-commons/1.7.2/junit-platform-commons-1.7.2.jar:/Users/kamal/.m2/repository/org/junit/jupiter/junit-jupiter-params/5.7.2/junit-jupiter-params-5.7.2.jar:/Users/kamal/.m2/repository/org/junit/jupiter/junit-jupiter-engine/5.7.2/junit-jupiter-engine-5.7.2.jar:/Users/kamal/.m2/repository/org/junit/platform/junit-platform-engine/1.7.2/junit-platform-engine-1.7.2.jar:/Users/kamal/.m2/repository/org/mockito/mockito-core/3.9.0/mockito-core-3.9.0.jar:/Users/kamal/.m2/repository/net/bytebuddy/byte-buddy/1.10.22/byte-buddy-1.10.22.jar:/Users/kamal/.m2/repository/net/bytebuddy/byte-buddy-agent/1.10.22/byte-buddy-agent-1.10.22.jar:/Users/kamal/.m2/repository/org/objenesis/objenesis/3.2/objenesis-3.2.jar:/Users/kamal/.m2/repository/org/mockito/mockito-junit-jupiter/3.9.0/mockito-junit-jupiter-3.9.0.jar:/Users/kamal/.m2/repository/org/skyscreamer/jsonassert/1.5.0/jsonassert-1.5.0.jar:/Users/kamal/.m2/repository/com/vaadin/external/google/android-json/0.0.20131108.vaadin1/android-json-0.0.20131108.vaadin1.jar:/Users/kamal/.m2/repository/org/springframework/spring-test/5.3.9/spring-test-5.3.9.jar:/Users/kamal/.m2/repository/org/xmlunit/xmlunit-core/2.8.2/xmlunit-core-2.8.2.jar:/Users/kamal/.m2/repository/io/projectreactor/reactor-test/3.4.8/reactor-test-3.4.8.jar:"/>
    <property name="java.vm.vendor" value="Azul Systems, Inc."/>
    <property name="sun.arch.data.model" value="64"/>
    <property name="java.vendor.url" value="http://www.azulsystems.com/"/>
    <property name="user.timezone" value=""/>
    <property name="java.vm.specification.version" value="11"/>
    <property name="os.name" value="Mac OS X"/>
    <property name="sun.java.launcher" value="SUN_STANDARD"/>
    <property name="user.country" value="GB"/>
    <property name="sun.boot.library.path" value="/Users/kamal/.sdkman/candidates/java/11.0.10-zulu/zulu-11.jdk/Contents/Home/lib"/>
    <property name="sun.java.command" value="/Users/kamal/Desktop/notion/review-service/target/surefire/surefirebooter8134076626216458666.jar /Users/kamal/Desktop/notion/review-service/target/surefire 2021-08-03T23-08-40_564-jvmRun1 surefire17902015809471996061tmp surefire_06288992745685177789tmp"/>
    <property name="http.nonProxyHosts" value="local|*.local|169.254/16|*.169.254/16"/>
    <property name="jdk.debug" value="release"/>
    <property name="surefire.test.class.path" value="/Users/kamal/Desktop/notion/review-service/target/test-classes:/Users/kamal/Desktop/notion/review-service/target/classes:/Users/kamal/.m2/repository/org/springframework/boot/spring-boot-starter-security/2.5.3/spring-boot-starter-security-2.5.3.jar:/Users/kamal/.m2/repository/org/springframework/boot/spring-boot-starter/2.5.3/spring-boot-starter-2.5.3.jar:/Users/kamal/.m2/repository/org/springframework/boot/spring-boot/2.5.3/spring-boot-2.5.3.jar:/Users/kamal/.m2/repository/org/springframework/boot/spring-boot-autoconfigure/2.5.3/spring-boot-autoconfigure-2.5.3.jar:/Users/kamal/.m2/repository/org/springframework/boot/spring-boot-starter-logging/2.5.3/spring-boot-starter-logging-2.5.3.jar:/Users/kamal/.m2/repository/ch/qos/logback/logback-classic/1.2.4/logback-classic-1.2.4.jar:/Users/kamal/.m2/repository/ch/qos/logback/logback-core/1.2.4/logback-core-1.2.4.jar:/Users/kamal/.m2/repository/org/apache/logging/log4j/log4j-to-slf4j/2.14.1/log4j-to-slf4j-2.14.1.jar:/Users/kamal/.m2/repository/org/apache/logging/log4j/log4j-api/2.14.1/log4j-api-2.14.1.jar:/Users/kamal/.m2/repository/org/slf4j/jul-to-slf4j/1.7.32/jul-to-slf4j-1.7.32.jar:/Users/kamal/.m2/repository/jakarta/annotation/jakarta.annotation-api/1.3.5/jakarta.annotation-api-1.3.5.jar:/Users/kamal/.m2/repository/org/yaml/snakeyaml/1.28/snakeyaml-1.28.jar:/Users/kamal/.m2/repository/org/springframework/spring-aop/5.3.9/spring-aop-5.3.9.jar:/Users/kamal/.m2/repository/org/springframework/spring-beans/5.3.9/spring-beans-5.3.9.jar:/Users/kamal/.m2/repository/org/springframework/security/spring-security-config/5.5.1/spring-security-config-5.5.1.jar:/Users/kamal/.m2/repository/org/springframework/spring-context/5.3.9/spring-context-5.3.9.jar:/Users/kamal/.m2/repository/org/springframework/security/spring-security-web/5.5.1/spring-security-web-5.5.1.jar:/Users/kamal/.m2/repository/org/springframework/spring-expression/5.3.9/spring-expression-5.3.9.jar:/Users/kamal/.m2/repository/org/springframework/spring-web/5.3.9/spring-web-5.3.9.jar:/Users/kamal/.m2/repository/org/springframework/security/spring-security-oauth2-resource-server/5.5.1/spring-security-oauth2-resource-server-5.5.1.jar:/Users/kamal/.m2/repository/org/springframework/security/spring-security-core/5.5.1/spring-security-core-5.5.1.jar:/Users/kamal/.m2/repository/org/springframework/security/spring-security-crypto/5.5.1/spring-security-crypto-5.5.1.jar:/Users/kamal/.m2/repository/org/springframework/security/spring-security-oauth2-core/5.5.1/spring-security-oauth2-core-5.5.1.jar:/Users/kamal/.m2/repository/org/springframework/spring-core/5.3.9/spring-core-5.3.9.jar:/Users/kamal/.m2/repository/org/springframework/spring-jcl/5.3.9/spring-jcl-5.3.9.jar:/Users/kamal/.m2/repository/org/springframework/security/spring-security-oauth2-jose/5.5.1/spring-security-oauth2-jose-5.5.1.jar:/Users/kamal/.m2/repository/com/nimbusds/nimbus-jose-jwt/9.10/nimbus-jose-jwt-9.10.jar:/Users/kamal/.m2/repository/com/github/stephenc/jcip/jcip-annotations/1.0-1/jcip-annotations-1.0-1.jar:/Users/kamal/.m2/repository/org/springframework/boot/spring-boot-starter-data-mongodb-reactive/2.5.3/spring-boot-starter-data-mongodb-reactive-2.5.3.jar:/Users/kamal/.m2/repository/io/projectreactor/reactor-core/3.4.8/reactor-core-3.4.8.jar:/Users/kamal/.m2/repository/org/reactivestreams/reactive-streams/1.0.3/reactive-streams-1.0.3.jar:/Users/kamal/.m2/repository/org/mongodb/mongodb-driver-reactivestreams/4.2.3/mongodb-driver-reactivestreams-4.2.3.jar:/Users/kamal/.m2/repository/org/mongodb/bson/4.2.3/bson-4.2.3.jar:/Users/kamal/.m2/repository/org/mongodb/mongodb-driver-core/4.2.3/mongodb-driver-core-4.2.3.jar:/Users/kamal/.m2/repository/org/springframework/data/spring-data-mongodb/3.2.3/spring-data-mongodb-3.2.3.jar:/Users/kamal/.m2/repository/org/springframework/spring-tx/5.3.9/spring-tx-5.3.9.jar:/Users/kamal/.m2/repository/org/springframework/data/spring-data-commons/2.5.3/spring-data-commons-2.5.3.jar:/Users/kamal/.m2/repository/org/slf4j/slf4j-api/1.7.32/slf4j-api-1.7.32.jar:/Users/kamal/.m2/repository/de/flapdoodle/embed/de.flapdoodle.embed.mongo/3.0.0/de.flapdoodle.embed.mongo-3.0.0.jar:/Users/kamal/.m2/repository/de/flapdoodle/embed/de.flapdoodle.embed.process/3.0.1/de.flapdoodle.embed.process-3.0.1.jar:/Users/kamal/.m2/repository/org/apache/commons/commons-compress/1.20/commons-compress-1.20.jar:/Users/kamal/.m2/repository/net/java/dev/jna/jna/5.6.0/jna-5.6.0.jar:/Users/kamal/.m2/repository/net/java/dev/jna/jna-platform/5.6.0/jna-platform-5.6.0.jar:/Users/kamal/.m2/repository/com/notion/common-platform/0.0.1-SNAPSHOT/common-platform-0.0.1-SNAPSHOT.jar:/Users/kamal/.m2/repository/org/springframework/boot/spring-boot-starter-webflux/2.5.3/spring-boot-starter-webflux-2.5.3.jar:/Users/kamal/.m2/repository/org/springframework/boot/spring-boot-starter-json/2.5.3/spring-boot-starter-json-2.5.3.jar:/Users/kamal/.m2/repository/com/fasterxml/jackson/datatype/jackson-datatype-jdk8/2.12.4/jackson-datatype-jdk8-2.12.4.jar:/Users/kamal/.m2/repository/com/fasterxml/jackson/datatype/jackson-datatype-jsr310/2.12.4/jackson-datatype-jsr310-2.12.4.jar:/Users/kamal/.m2/repository/com/fasterxml/jackson/module/jackson-module-parameter-names/2.12.4/jackson-module-parameter-names-2.12.4.jar:/Users/kamal/.m2/repository/org/springframework/boot/spring-boot-starter-reactor-netty/2.5.3/spring-boot-starter-reactor-netty-2.5.3.jar:/Users/kamal/.m2/repository/io/projectreactor/netty/reactor-netty-http/1.0.9/reactor-netty-http-1.0.9.jar:/Users/kamal/.m2/repository/io/netty/netty-codec-http/4.1.66.Final/netty-codec-http-4.1.66.Final.jar:/Users/kamal/.m2/repository/io/netty/netty-common/4.1.66.Final/netty-common-4.1.66.Final.jar:/Users/kamal/.m2/repository/io/netty/netty-buffer/4.1.66.Final/netty-buffer-4.1.66.Final.jar:/Users/kamal/.m2/repository/io/netty/netty-transport/4.1.66.Final/netty-transport-4.1.66.Final.jar:/Users/kamal/.m2/repository/io/netty/netty-codec/4.1.66.Final/netty-codec-4.1.66.Final.jar:/Users/kamal/.m2/repository/io/netty/netty-handler/4.1.66.Final/netty-handler-4.1.66.Final.jar:/Users/kamal/.m2/repository/io/netty/netty-codec-http2/4.1.66.Final/netty-codec-http2-4.1.66.Final.jar:/Users/kamal/.m2/repository/io/netty/netty-resolver-dns/4.1.66.Final/netty-resolver-dns-4.1.66.Final.jar:/Users/kamal/.m2/repository/io/netty/netty-resolver/4.1.66.Final/netty-resolver-4.1.66.Final.jar:/Users/kamal/.m2/repository/io/netty/netty-codec-dns/4.1.66.Final/netty-codec-dns-4.1.66.Final.jar:/Users/kamal/.m2/repository/io/netty/netty-resolver-dns-native-macos/4.1.66.Final/netty-resolver-dns-native-macos-4.1.66.Final-osx-x86_64.jar:/Users/kamal/.m2/repository/io/netty/netty-transport-native-unix-common/4.1.66.Final/netty-transport-native-unix-common-4.1.66.Final.jar:/Users/kamal/.m2/repository/io/netty/netty-transport-native-epoll/4.1.66.Final/netty-transport-native-epoll-4.1.66.Final-linux-x86_64.jar:/Users/kamal/.m2/repository/io/projectreactor/netty/reactor-netty-core/1.0.9/reactor-netty-core-1.0.9.jar:/Users/kamal/.m2/repository/io/netty/netty-handler-proxy/4.1.66.Final/netty-handler-proxy-4.1.66.Final.jar:/Users/kamal/.m2/repository/io/netty/netty-codec-socks/4.1.66.Final/netty-codec-socks-4.1.66.Final.jar:/Users/kamal/.m2/repository/org/springframework/spring-webflux/5.3.9/spring-webflux-5.3.9.jar:/Users/kamal/.m2/repository/org/springframework/boot/spring-boot-starter-validation/2.5.3/spring-boot-starter-validation-2.5.3.jar:/Users/kamal/.m2/repository/org/apache/tomcat/embed/tomcat-embed-el/9.0.50/tomcat-embed-el-9.0.50.jar:/Users/kamal/.m2/repository/org/hibernate/validator/hibernate-validator/6.2.0.Final/hibernate-validator-6.2.0.Final.jar:/Users/kamal/.m2/repository/jakarta/validation/jakarta.validation-api/2.0.2/jakarta.validation-api-2.0.2.jar:/Users/kamal/.m2/repository/org/jboss/logging/jboss-logging/3.4.2.Final/jboss-logging-3.4.2.Final.jar:/Users/kamal/.m2/repository/com/fasterxml/classmate/1.5.1/classmate-1.5.1.jar:/Users/kamal/.m2/repository/io/jsonwebtoken/jjwt/0.9.0/jjwt-0.9.0.jar:/Users/kamal/.m2/repository/com/fasterxml/jackson/core/jackson-databind/2.12.4/jackson-databind-2.12.4.jar:/Users/kamal/.m2/repository/com/fasterxml/jackson/core/jackson-annotations/2.12.4/jackson-annotations-2.12.4.jar:/Users/kamal/.m2/repository/com/fasterxml/jackson/core/jackson-core/2.12.4/jackson-core-2.12.4.jar:/Users/kamal/.m2/repository/org/apache/commons/commons-lang3/3.12.0/commons-lang3-3.12.0.jar:/Users/kamal/.m2/repository/org/modelmapper/modelmapper/2.3.0/modelmapper-2.3.0.jar:/Users/kamal/.m2/repository/org/projectlombok/lombok/1.18.20/lombok-1.18.20.jar:/Users/kamal/.m2/repository/org/springframework/boot/spring-boot-starter-test/2.5.3/spring-boot-starter-test-2.5.3.jar:/Users/kamal/.m2/repository/org/springframework/boot/spring-boot-test/2.5.3/spring-boot-test-2.5.3.jar:/Users/kamal/.m2/repository/org/springframework/boot/spring-boot-test-autoconfigure/2.5.3/spring-boot-test-autoconfigure-2.5.3.jar:/Users/kamal/.m2/repository/com/jayway/jsonpath/json-path/2.5.0/json-path-2.5.0.jar:/Users/kamal/.m2/repository/net/minidev/json-smart/2.4.7/json-smart-2.4.7.jar:/Users/kamal/.m2/repository/net/minidev/accessors-smart/2.4.7/accessors-smart-2.4.7.jar:/Users/kamal/.m2/repository/org/ow2/asm/asm/9.1/asm-9.1.jar:/Users/kamal/.m2/repository/jakarta/xml/bind/jakarta.xml.bind-api/2.3.3/jakarta.xml.bind-api-2.3.3.jar:/Users/kamal/.m2/repository/jakarta/activation/jakarta.activation-api/1.2.2/jakarta.activation-api-1.2.2.jar:/Users/kamal/.m2/repository/org/assertj/assertj-core/3.19.0/assertj-core-3.19.0.jar:/Users/kamal/.m2/repository/org/hamcrest/hamcrest/2.2/hamcrest-2.2.jar:/Users/kamal/.m2/repository/org/junit/jupiter/junit-jupiter/5.7.2/junit-jupiter-5.7.2.jar:/Users/kamal/.m2/repository/org/junit/jupiter/junit-jupiter-api/5.7.2/junit-jupiter-api-5.7.2.jar:/Users/kamal/.m2/repository/org/apiguardian/apiguardian-api/1.1.0/apiguardian-api-1.1.0.jar:/Users/kamal/.m2/repository/org/opentest4j/opentest4j/1.2.0/opentest4j-1.2.0.jar:/Users/kamal/.m2/repository/org/junit/platform/junit-platform-commons/1.7.2/junit-platform-commons-1.7.2.jar:/Users/kamal/.m2/repository/org/junit/jupiter/junit-jupiter-params/5.7.2/junit-jupiter-params-5.7.2.jar:/Users/kamal/.m2/repository/org/junit/jupiter/junit-jupiter-engine/5.7.2/junit-jupiter-engine-5.7.2.jar:/Users/kamal/.m2/repository/org/junit/platform/junit-platform-engine/1.7.2/junit-platform-engine-1.7.2.jar:/Users/kamal/.m2/repository/org/mockito/mockito-core/3.9.0/mockito-core-3.9.0.jar:/Users/kamal/.m2/repository/net/bytebuddy/byte-buddy/1.10.22/byte-buddy-1.10.22.jar:/Users/kamal/.m2/repository/net/bytebuddy/byte-buddy-agent/1.10.22/byte-buddy-agent-1.10.22.jar:/Users/kamal/.m2/repository/org/objenesis/objenesis/3.2/objenesis-3.2.jar:/Users/kamal/.m2/repository/org/mockito/mockito-junit-jupiter/3.9.0/mockito-junit-jupiter-3.9.0.jar:/Users/kamal/.m2/repository/org/skyscreamer/jsonassert/1.5.0/jsonassert-1.5.0.jar:/Users/kamal/.m2/repository/com/vaadin/external/google/android-json/0.0.20131108.vaadin1/android-json-0.0.20131108.vaadin1.jar:/Users/kamal/.m2/repository/org/springframework/spring-test/5.3.9/spring-test-5.3.9.jar:/Users/kamal/.m2/repository/org/xmlunit/xmlunit-core/2.8.2/xmlunit-core-2.8.2.jar:/Users/kamal/.m2/repository/io/projectreactor/reactor-test/3.4.8/reactor-test-3.4.8.jar:"/>
    <property name="sun.cpu.endian" value="little"/>
    <property name="user.home" value="/Users/kamal"/>
    <property name="user.language" value="en"/>
    <property name="java.specification.vendor" value="Oracle Corporation"/>
    <property name="java.version.date" value="2021-01-19"/>
    <property name="java.home" value="/Users/kamal/.sdkman/candidates/java/11.0.10-zulu/zulu-11.jdk/Contents/Home"/>
    <property name="file.separator" value="/"/>
    <property name="basedir" value="/Users/kamal/Desktop/notion/review-service"/>
    <property name="java.vm.compressedOopsMode" value="Zero based"/>
    <property name="line.separator" value="&#10;"/>
    <property name="java.specification.name" value="Java Platform API Specification"/>
    <property name="java.vm.specification.vendor" value="Oracle Corporation"/>
    <property name="jdk.vendor.version" value="Zulu11.45+27-CA"/>
    <property name="java.awt.graphicsenv" value="sun.awt.CGraphicsEnvironment"/>
    <property name="surefire.real.class.path" value="/Users/kamal/Desktop/notion/review-service/target/surefire/surefirebooter8134076626216458666.jar"/>
    <property name="sun.management.compiler" value="HotSpot 64-Bit Tiered Compilers"/>
    <property name="ftp.nonProxyHosts" value="local|*.local|169.254/16|*.169.254/16"/>
    <property name="java.runtime.version" value="11.0.10+9-LTS"/>
    <property name="user.name" value="kamal"/>
    <property name="path.separator" value=":"/>
    <property name="os.version" value="10.16"/>
    <property name="java.runtime.name" value="OpenJDK Runtime Environment"/>
    <property name="file.encoding" value="UTF-8"/>
    <property name="java.vm.name" value="OpenJDK 64-Bit Server VM"/>
    <property name="java.vendor.version" value="Zulu11.45+27-CA"/>
    <property name="localRepository" value="/Users/kamal/.m2/repository"/>
    <property name="java.vendor.url.bug" value="http://www.azulsystems.com/support/"/>
    <property name="java.io.tmpdir" value="/var/folders/zl/p1kdzxzd0791p53tqf64npvr0000gn/T/"/>
    <property name="java.version" value="11.0.10"/>
    <property name="user.dir" value="/Users/kamal/Desktop/notion/review-service"/>
    <property name="os.arch" value="x86_64"/>
    <property name="java.vm.specification.name" value="Java Virtual Machine Specification"/>
    <property name="java.awt.printerjob" value="sun.lwawt.macosx.CPrinterJob"/>
    <property name="sun.os.patch.level" value="unknown"/>
    <property name="java.library.path" value="/Users/kamal/Library/Java/Extensions:/Library/Java/Extensions:/Network/Library/Java/Extensions:/System/Library/Java/Extensions:/usr/lib/java:."/>
    <property name="java.vm.info" value="mixed mode"/>
    <property name="java.vendor" value="Azul Systems, Inc."/>
    <property name="java.vm.version" value="11.0.10+9-LTS"/>
    <property name="sun.io.unicode.encoding" value="UnicodeBig"/>
    <property name="java.class.version" value="55.0"/>
    <property name="socksNonProxyHosts" value="local|*.local|169.254/16|*.169.254/16"/>
  </properties>
  <testcase name="saveReviewSuccessfully" classname="com.notion.service.review.domain.service.imp.ReviewServiceImplTest" time="0.015"/>
  <testcase name="findAllShouldReturnTwoReviewSuccessfully" classname="com.notion.service.review.domain.service.imp.ReviewServiceImplTest" time="0.002"/>
  <testcase name="findReviewByProductIdShouldReturnOneReviewSuccessfully" classname="com.notion.service.review.domain.service.imp.ReviewServiceImplTest" time="0.002"/>
</testsuite>